>> 执行登录
>> 获取任务列表
>> 获取实习项目
>> 执行任务
*签到模式*
 签到
====当前账号(15815038495)执行结束====
====所有账号执行结束====
###郭梓波###
签到:
签到成功,当前为签到的第16天，共签到17人
填写周报:
未开启自动填写周报
>> 执行登录
>> 获取任务列表
>> 获取实习项目
>> 执行任务
*签到模式*
 签到
====当前账号(15815038495)执行结束====
====所有账号执行结束====
###郭梓波###
签到:
已签到,未开启重新签到
填写周报:
未开启自动填写周报
>> 执行登录
>> 获取任务列表
>> 获取实习项目
>> 执行任务
*签到模式*
 签到
====当前账号(15815038495)执行结束====
====所有账号执行结束====
###郭梓波###
签到:
已签到,未开启重新签到
填写周报:
未开启自动填写周报
>> 执行登录
>> 获取任务列表
>> 获取实习项目
>> 执行任务
*签到模式*
 签到
====当前账号(15815038495)执行结束====
====所有账号执行结束====
###郭梓波###
签到:
已签到,未开启重新签到
填写周报:
未开启自动填写周报
>> 执行登录
>> 获取任务列表
>> 获取实习项目
>> 执行任务
*签到模式*
 签到
====当前账号(15815038495)执行结束====
====所有账号执行结束====
###郭梓波###
签到:
已签到,未开启重新签到
填写周报:
未开启自动填写周报
>> 执行登录
>> 获取任务列表
>> 获取实习项目
>> 执行任务
*签到模式*
 签到
====当前账号(15815038495)执行结束====
====所有账号执行结束====
###郭梓波###
签到:
已签到,未开启重新签到
填写周报:
未开启自动填写周报
>> 执行登录
>> 获取任务列表
>> 获取实习项目
>> 执行任务
*签到模式*
 签到
====当前账号(15815038495)执行结束====
====所有账号执行结束====
###郭梓波###
签到:
已签到,未开启重新签到
填写周报:
未开启自动填写周报
>> 执行登录
>> 获取任务列表
>> 获取实习项目
>> 执行任务
*签到模式*
 签到
====当前账号(15815038495)执行结束====
====所有账号执行结束====
###郭梓波###
签到:
已签到,未开启重新签到
填写周报:
未开启自动填写周报
>> 执行登录
>> 获取任务列表
>> 获取实习项目
>> 执行任务
*签到模式*
 签到
====当前账号(15815038495)执行结束====
====所有账号执行结束====
###郭梓波###
签到:
已签到,未开启重新签到
填写周报:
未开启自动填写周报
>> 执行登录
>> 获取任务列表
>> 获取实习项目
>> 执行任务
*签到模式*
 签到
====当前账号(15815038495)执行结束====
====所有账号执行结束====
###郭梓波###
签到:
已签到,未开启重新签到
填写周报:
未开启自动填写周报
>> 执行登录
>> 获取任务列表
>> 获取实习项目
>> 执行任务
*签到模式*
 签到
====当前账号(15815038495)执行结束====
====所有账号执行结束====
###郭梓波###
签到:
已签到,未开启重新签到
填写周报:
未开启自动填写周报
>> 执行登录
>> 获取任务列表
>> 获取实习项目
>> 执行任务
*签到模式*
 签到
====当前账号(15815038495)执行结束====
====所有账号执行结束====
###郭梓波###
签到:
已签到,未开启重新签到
填写周报:
未开启自动填写周报
>> 执行登录
>> 获取任务列表
>> 获取实习项目
>> 执行任务
*签到模式*
 签到
====当前账号(15815038495)执行结束====
====所有账号执行结束====
###郭梓波###
签到:
已签到,未开启重新签到
填写周报:
未开启自动填写周报
>> 执行登录
>> 获取任务列表
>> 获取实习项目
>> 执行任务
*签到模式*
 签到
====当前账号(15815038495)执行结束====
====所有账号执行结束====
###郭梓波###
签到:
已签到,未开启重新签到
填写周报:
未开启自动填写周报
>> 执行登录
>> 获取任务列表
>> 获取实习项目
>> 执行任务
*签到模式*
 签到
====当前账号(15815038495)执行结束====
====所有账号执行结束====
###郭梓波###
签到:
已签到,未开启重新签到
填写周报:
未开启自动填写周报
>> 执行登录
>> 获取任务列表
>> 获取实习项目
>> 执行任务
*签到模式*
 签到
====当前账号(15815038495)执行结束====
====所有账号执行结束====
###郭梓波###
签到:
已签到,未开启重新签到
填写周报:
未开启自动填写周报
>> 执行登录
>> 获取任务列表
>> 获取实习项目
>> 执行任务
*签到模式*
 签到
已签到,重新签到
====当前账号(15815038495)执行结束====
====所有账号执行结束====
###郭梓波###
签到:
已重新签到
填写周报:
未开启自动填写周报
>> 执行登录
>> 获取任务列表
>> 获取实习项目
>> 执行任务
*签到模式*
 签到
*需要写周报的月份有*
 2023.12
2024.1
*需要写的周报有*
 第2周(2024.01.01-2024.01.07)
第3周(2024.01.08-2024.01.14)
>> 保存周报
>> 提交周报
>> 保存周报
>> 提交周报
====当前账号(15815038495)执行结束====
====所有账号执行结束====
###郭梓波###
签到:
签到成功,当前为签到的第17天，共签到4人
填写周报:
第2周周报上交成功
第3周周报上交成功
>> 执行登录
>> 获取任务列表
>> 获取实习项目
>> 执行任务
*签到模式*
 签到
*需要写周报的月份有*
 2023.12
2024.1
*需要写的周报有*
 
====当前账号(15815038495)执行结束====
====所有账号执行结束====
###郭梓波###
签到:
签到成功,当前为签到的第18天，共签到2人
填写周报:
无
